
CH32V003_IAP.elf:     file format elf32-littleriscv
CH32V003_IAP.elf
architecture: riscv:rv32, flags 0x00000112:
EXEC_P, HAS_SYMS, D_PAGED
start address 0x00000000

Program Header:
    LOAD off    0x00001000 vaddr 0x00000000 paddr 0x00000000 align 2**12
         filesz 0x000006dc memsz 0x000006dc flags r-x
    LOAD off    0x00002000 vaddr 0x20000000 paddr 0x000006dc align 2**12
         filesz 0x00000008 memsz 0x000000d4 flags rw-
    LOAD off    0x00002700 vaddr 0x20000700 paddr 0x20000700 align 2**12
         filesz 0x00000000 memsz 0x00000100 flags rw-

Sections:
Idx Name          Size      VMA       LMA       File off  Algn
  0 .init         000000a0  00000000  00000000  00001000  2**2
                  CONTENTS, ALLOC, LOAD, READONLY, CODE
  1 .text         0000063c  000000a0  000000a0  000010a0  2**1
                  CONTENTS, ALLOC, LOAD, READONLY, CODE
  2 .fini         00000000  000006dc  000006dc  00002008  2**0
                  CONTENTS, ALLOC, LOAD, CODE
  3 .dalign       00000000  20000000  20000000  00002008  2**0
                  CONTENTS
  4 .dlalign      00000000  000006dc  000006dc  00002008  2**0
                  CONTENTS
  5 .data         00000008  20000000  000006dc  00002000  2**2
                  CONTENTS, ALLOC, LOAD, DATA
  6 .bss          000000cc  20000008  000006e4  00002008  2**2
                  ALLOC
  7 .stack        00000100  20000700  20000700  00002700  2**0
                  ALLOC
  8 .debug_info   0000760f  00000000  00000000  00002008  2**0
                  CONTENTS, READONLY, DEBUGGING
  9 .debug_abbrev 0000177e  00000000  00000000  00009617  2**0
                  CONTENTS, READONLY, DEBUGGING
 10 .debug_aranges 00000410  00000000  00000000  0000ad98  2**3
                  CONTENTS, READONLY, DEBUGGING
 11 .debug_ranges 000003a0  00000000  00000000  0000b1a8  2**3
                  CONTENTS, READONLY, DEBUGGING
 12 .debug_line   000056b7  00000000  00000000  0000b548  2**0
                  CONTENTS, READONLY, DEBUGGING
 13 .debug_str    000015da  00000000  00000000  00010bff  2**0
                  CONTENTS, READONLY, DEBUGGING
 14 .comment      00000033  00000000  00000000  000121d9  2**0
                  CONTENTS, READONLY
 15 .debug_frame  000008f8  00000000  00000000  0001220c  2**2
                  CONTENTS, READONLY, DEBUGGING
 16 .debug_loc    00001b39  00000000  00000000  00012b04  2**0
                  CONTENTS, READONLY, DEBUGGING
SYMBOL TABLE:
00000000 l    d  .init	00000000 .init
000000a0 l    d  .text	00000000 .text
000006dc l    d  .fini	00000000 .fini
20000000 l    d  .dalign	00000000 .dalign
000006dc l    d  .dlalign	00000000 .dlalign
20000000 l    d  .data	00000000 .data
20000008 l    d  .bss	00000000 .bss
20000700 l    d  .stack	00000000 .stack
00000000 l    d  .debug_info	00000000 .debug_info
00000000 l    d  .debug_abbrev	00000000 .debug_abbrev
00000000 l    d  .debug_aranges	00000000 .debug_aranges
00000000 l    d  .debug_ranges	00000000 .debug_ranges
00000000 l    d  .debug_line	00000000 .debug_line
00000000 l    d  .debug_str	00000000 .debug_str
00000000 l    d  .comment	00000000 .comment
00000000 l    d  .debug_frame	00000000 .debug_frame
00000000 l    d  .debug_loc	00000000 .debug_loc
00000000 l    df *ABS*	00000000 ch32v00x_it.c
00000000 l    df *ABS*	00000000 flash.c
00000000 l    df *ABS*	00000000 iap.c
00000000 l    df *ABS*	00000000 main.c
00000000 l    df *ABS*	00000000 system_ch32v00x.c
00000000 l    df *ABS*	00000000 ch32v00x_flash.c
00000000 l    df *ABS*	00000000 ch32v00x_rcc.c
00000000 l    df *ABS*	00000000 ch32v00x_usart.c
0000051e g     F .text	0000001a FLASH_Unlock
20000050 g     O .bss	00000080 Fast_Program_Buf
20000808 g       .data	00000000 __global_pointer$
00000498  w      .text	00000000 TIM1_CC_IRQHandler
000000b6 g     F .text	00000002 HardFault_Handler
0000065e g     F .text	00000040 SystemReset_StartMode
00000498  w      .text	00000000 SysTick_Handler
000005f4 g     F .text	00000036 FLASH_BufLoad
00000498  w      .text	00000000 PVD_IRQHandler
000000b4 g     F .text	00000002 NMI_Handler
0000013c g     F .text	00000182 RecData_Deal
0000062a g     F .text	00000034 FLASH_ProgramPage_Fast
000006d0 g     F .text	0000000a USART_GetFlagStatus
20000008 g       .bss	00000000 _sbss
00000100 g       *ABS*	00000000 __stack_size
000000aa g     F .text	0000000a .hidden __riscv_restore_2
000006b0 g     F .text	00000010 RCC_ClearFlag
0000057c g     F .text	00000032 FLASH_EraseAllPages
000006c8 g     F .text	00000008 USART_ReceiveData
000000a0 g       .init	00000000 _einit
000005ae g     F .text	0000001e FLASH_Unlock_Fast
00000498  w      .text	00000000 SPI1_IRQHandler
000000a0 g     F .text	0000000a .hidden __riscv_save_1
000000aa g     F .text	0000000a .hidden __riscv_restore_0
00000498  w      .text	00000000 AWU_IRQHandler
00000498  w      .text	00000000 EXTI7_0_IRQHandler
20000700 g       .stack	00000000 _heap_end
20000000 g     O .data	00000004 Program_addr
00000498  w      .text	00000000 DMA1_Channel4_IRQHandler
000000ea g     F .text	00000052 USART1_CFG
00000498  w      .text	00000000 ADC1_IRQHandler
00000538 g     F .text	0000000e FLASH_Lock
200000d4 g       .bss	00000000 _ebss
000002be g     F .text	0000002a UART1_SendData
00000498  w      .text	00000000 DMA1_Channel7_IRQHandler
00000498  w      .text	00000000 I2C1_EV_IRQHandler
0000030a g     F .text	000000a2 UART_Rx_Deal
00000498  w      .text	00000000 DMA1_Channel6_IRQHandler
00000498  w      .text	00000000 RCC_IRQHandler
00000498  w      .text	00000000 TIM1_TRG_COM_IRQHandler
00000498  w      .text	00000000 DMA1_Channel1_IRQHandler
00000000 g       .init	00000000 _start
2000004c g     O .bss	00000001 End_Flag
0000055e g     F .text	0000001e FLASH_WaitForLastOperation
000003ac g     F .text	0000001a IAP_2_APP
20000000 g       .dalign	00000000 _data_vma
20000004 g     O .data	00000004 Verity_addr
0000069e g     F .text	00000012 RCC_AdjustHSICalibrationValue
000003c6 g     F .text	0000004c main
00000498  w      .text	00000000 DMA1_Channel5_IRQHandler
00000412 g     F .text	00000086 SystemInit
00000000 g       .init	00000000 _sinit
000005cc g     F .text	00000028 FLASH_BufReset
00000498  w      .text	00000000 DMA1_Channel3_IRQHandler
00000498  w      .text	00000000 TIM1_UP_IRQHandler
00000498  w      .text	00000000 WWDG_IRQHandler
000002e8 g     F .text	00000022 Uart1_Rx
00000498  w      .text	00000000 TIM2_IRQHandler
20000800 g       .stack	00000000 _eusrstack
000000a0 g     F .text	0000000a .hidden __riscv_save_2
00000498  w      .text	00000000 SW_Handler
00000498  w      .text	00000000 TIM1_BRK_IRQHandler
000006c0 g     F .text	00000008 USART_SendData
20000008 g       .data	00000000 _edata
200000d4 g       .bss	00000000 _end
20000008 g     O .bss	00000002 CodeLen
000006dc g       .dlalign	00000000 _data_lma
00000498  w      .text	00000000 DMA1_Channel2_IRQHandler
0000049a  w      .text	00000000 handle_reset
00000498  w      .text	00000000 FLASH_IRQHandler
000000a0 g     F .text	0000000a .hidden __riscv_save_0
00000498  w      .text	00000000 USART1_IRQHandler
200000d0 g     O .bss	00000001 Verity_Star_flag
00000498  w      .text	00000000 I2C1_ER_IRQHandler
000000aa g     F .text	0000000a .hidden __riscv_restore_1
2000000c g     O .bss	00000040 EP2_Rx_Buffer
00000546 g     F .text	00000018 FLASH_GetBank1Status
000000b8 g     F .text	00000032 CH32_IAP_Program



Disassembly of section .init:

00000000 <_sinit>:
   0:	49a0006f          	j	49a <handle_reset>
   4:	0000                	unimp
   6:	0000                	unimp
   8:	00b4                	addi	a3,sp,72
   a:	0000                	unimp
   c:	00b6                	slli	ra,ra,0xd
	...
  2e:	0000                	unimp
  30:	0498                	addi	a4,sp,576
  32:	0000                	unimp
  34:	0000                	unimp
  36:	0000                	unimp
  38:	0498                	addi	a4,sp,576
  3a:	0000                	unimp
  3c:	0000                	unimp
  3e:	0000                	unimp
  40:	0498                	addi	a4,sp,576
  42:	0000                	unimp
  44:	0498                	addi	a4,sp,576
  46:	0000                	unimp
  48:	0498                	addi	a4,sp,576
  4a:	0000                	unimp
  4c:	0498                	addi	a4,sp,576
  4e:	0000                	unimp
  50:	0498                	addi	a4,sp,576
  52:	0000                	unimp
  54:	0498                	addi	a4,sp,576
  56:	0000                	unimp
  58:	0498                	addi	a4,sp,576
  5a:	0000                	unimp
  5c:	0498                	addi	a4,sp,576
  5e:	0000                	unimp
  60:	0498                	addi	a4,sp,576
  62:	0000                	unimp
  64:	0498                	addi	a4,sp,576
  66:	0000                	unimp
  68:	0498                	addi	a4,sp,576
  6a:	0000                	unimp
  6c:	0498                	addi	a4,sp,576
  6e:	0000                	unimp
  70:	0498                	addi	a4,sp,576
  72:	0000                	unimp
  74:	0498                	addi	a4,sp,576
  76:	0000                	unimp
  78:	0498                	addi	a4,sp,576
  7a:	0000                	unimp
  7c:	0498                	addi	a4,sp,576
  7e:	0000                	unimp
  80:	0498                	addi	a4,sp,576
  82:	0000                	unimp
  84:	0498                	addi	a4,sp,576
  86:	0000                	unimp
  88:	0498                	addi	a4,sp,576
  8a:	0000                	unimp
  8c:	0498                	addi	a4,sp,576
  8e:	0000                	unimp
  90:	0498                	addi	a4,sp,576
  92:	0000                	unimp
  94:	0498                	addi	a4,sp,576
  96:	0000                	unimp
  98:	0498                	addi	a4,sp,576
  9a:	0000                	unimp
  9c:	0000                	unimp
	...

Disassembly of section .text:

000000a0 <__riscv_save_0>:
  a0:	1151                	addi	sp,sp,-12
  a2:	c026                	sw	s1,0(sp)
  a4:	c222                	sw	s0,4(sp)
  a6:	c406                	sw	ra,8(sp)
  a8:	8282                	jr	t0

000000aa <__riscv_restore_0>:
  aa:	4482                	lw	s1,0(sp)
  ac:	4412                	lw	s0,4(sp)
  ae:	40a2                	lw	ra,8(sp)
  b0:	0131                	addi	sp,sp,12
  b2:	8082                	ret

000000b4 <NMI_Handler>:
  b4:	a001                	j	b4 <NMI_Handler>

000000b6 <HardFault_Handler>:
  b6:	a001                	j	b6 <HardFault_Handler>

000000b8 <CH32_IAP_Program>:
  b8:	fe9ff2ef          	jal	t0,a0 <__riscv_save_0>
  bc:	1171                	addi	sp,sp,-4
  be:	84ae                	mv	s1,a1
  c0:	fc057413          	andi	s0,a0,-64
  c4:	2321                	jal	5cc <FLASH_BufReset>
  c6:	4781                	li	a5,0
  c8:	00f48733          	add	a4,s1,a5
  cc:	430c                	lw	a1,0(a4)
  ce:	00f40533          	add	a0,s0,a5
  d2:	c03e                	sw	a5,0(sp)
  d4:	2305                	jal	5f4 <FLASH_BufLoad>
  d6:	4782                	lw	a5,0(sp)
  d8:	04000713          	li	a4,64
  dc:	0791                	addi	a5,a5,4
  de:	fee795e3          	bne	a5,a4,c8 <CH32_IAP_Program+0x10>
  e2:	8522                	mv	a0,s0
  e4:	2399                	jal	62a <FLASH_ProgramPage_Fast>
  e6:	0111                	addi	sp,sp,4
  e8:	b7c9                	j	aa <__riscv_restore_0>

000000ea <USART1_CFG>:
  ea:	48b447b7          	lui	a5,0x48b44
  ee:	40011737          	lui	a4,0x40011
  f2:	44478793          	addi	a5,a5,1092 # 48b44444 <__global_pointer$+0x28b43c3c>
  f6:	40f72023          	sw	a5,1024(a4) # 40011400 <__global_pointer$+0x20010bf8>
  fa:	04000793          	li	a5,64
  fe:	40f72a23          	sw	a5,1044(a4)
 102:	400147b7          	lui	a5,0x40014
 106:	8107d703          	lhu	a4,-2032(a5) # 40013810 <__global_pointer$+0x20013008>
 10a:	6609                	lui	a2,0x2
 10c:	0742                	slli	a4,a4,0x10
 10e:	8341                	srli	a4,a4,0x10
 110:	80e79823          	sh	a4,-2032(a5)
 114:	00c60713          	addi	a4,a2,12 # 200c <_data_lma+0x1930>
 118:	80e79623          	sh	a4,-2036(a5)
 11c:	8147d683          	lhu	a3,-2028(a5)
 120:	27100713          	li	a4,625
 124:	06c2                	slli	a3,a3,0x10
 126:	82c1                	srli	a3,a3,0x10
 128:	80d79a23          	sh	a3,-2028(a5)
 12c:	80e79423          	sh	a4,-2040(a5)
 130:	80c7d703          	lhu	a4,-2036(a5)
 134:	8f51                	or	a4,a4,a2
 136:	80e79623          	sh	a4,-2036(a5)
 13a:	8082                	ret

0000013c <RecData_Deal>:
 13c:	f65ff2ef          	jal	t0,a0 <__riscv_save_0>
 140:	20000737          	lui	a4,0x20000
 144:	00c70793          	addi	a5,a4,12 # 2000000c <EP2_Rx_Buffer>
 148:	3380                	lbu	s0,1(a5)
 14a:	239c                	lbu	a5,0(a5)
 14c:	08100693          	li	a3,129
 150:	0cd78163          	beq	a5,a3,212 <RecData_Deal+0xd6>
 154:	00f6e863          	bltu	a3,a5,164 <RecData_Deal+0x28>
 158:	08000693          	li	a3,128
 15c:	04d78963          	beq	a5,a3,1ae <RecData_Deal+0x72>
 160:	4505                	li	a0,1
 162:	b7a1                	j	aa <__riscv_restore_0>
 164:	00c70493          	addi	s1,a4,12
 168:	08200713          	li	a4,130
 16c:	0ce78763          	beq	a5,a4,23a <RecData_Deal+0xfe>
 170:	08300713          	li	a4,131
 174:	fee796e3          	bne	a5,a4,160 <RecData_Deal+0x24>
 178:	8c018423          	sb	zero,-1848(gp) # 200000d0 <Verity_Star_flag>
 17c:	4705                	li	a4,1
 17e:	84e18223          	sb	a4,-1980(gp) # 2000004c <End_Flag>
 182:	080007b7          	lui	a5,0x8000
 186:	20000737          	lui	a4,0x20000
 18a:	00f72023          	sw	a5,0(a4) # 20000000 <_data_vma>
 18e:	20000737          	lui	a4,0x20000
 192:	00f72223          	sw	a5,4(a4) # 20000004 <Verity_addr>
 196:	400227b7          	lui	a5,0x40022
 19a:	4b98                	lw	a4,16(a5)
 19c:	66a1                	lui	a3,0x8
 19e:	4509                	li	a0,2
 1a0:	8f55                	or	a4,a4,a3
 1a2:	cb98                	sw	a4,16(a5)
 1a4:	4b98                	lw	a4,16(a5)
 1a6:	08076713          	ori	a4,a4,128
 1aa:	cb98                	sw	a4,16(a5)
 1ac:	bf5d                	j	162 <RecData_Deal+0x26>
 1ae:	200004b7          	lui	s1,0x20000
 1b2:	0084d783          	lhu	a5,8(s1) # 20000008 <_edata>
 1b6:	00c70713          	addi	a4,a4,12
 1ba:	4681                	li	a3,0
 1bc:	00848493          	addi	s1,s1,8
 1c0:	84818613          	addi	a2,gp,-1976 # 20000050 <Fast_Program_Buf>
 1c4:	0ff6f593          	andi	a1,a3,255
 1c8:	0705                	addi	a4,a4,1
 1ca:	0485e863          	bltu	a1,s0,21a <RecData_Deal+0xde>
 1ce:	97a2                	add	a5,a5,s0
 1d0:	07c2                	slli	a5,a5,0x10
 1d2:	83c1                	srli	a5,a5,0x10
 1d4:	a09e                	sh	a5,0(s1)
 1d6:	03f00713          	li	a4,63
 1da:	4501                	li	a0,0
 1dc:	f8f773e3          	bgeu	a4,a5,162 <RecData_Deal+0x26>
 1e0:	20000437          	lui	s0,0x20000
 1e4:	00042503          	lw	a0,0(s0) # 20000000 <_data_vma>
 1e8:	84818593          	addi	a1,gp,-1976 # 20000050 <Fast_Program_Buf>
 1ec:	35f1                	jal	b8 <CH32_IAP_Program>
 1ee:	209a                	lhu	a4,0(s1)
 1f0:	4781                	li	a5,0
 1f2:	fc070713          	addi	a4,a4,-64
 1f6:	0742                	slli	a4,a4,0x10
 1f8:	8341                	srli	a4,a4,0x10
 1fa:	a09a                	sh	a4,0(s1)
 1fc:	00040413          	mv	s0,s0
 200:	84818693          	addi	a3,gp,-1976 # 20000050 <Fast_Program_Buf>
 204:	02e7e263          	bltu	a5,a4,228 <RecData_Deal+0xec>
 208:	401c                	lw	a5,0(s0)
 20a:	04078793          	addi	a5,a5,64 # 40022040 <__global_pointer$+0x20021838>
 20e:	c01c                	sw	a5,0(s0)
 210:	a019                	j	216 <RecData_Deal+0xda>
 212:	2e71                	jal	5ae <FLASH_Unlock_Fast>
 214:	26a5                	jal	57c <FLASH_EraseAllPages>
 216:	4501                	li	a0,0
 218:	b7a9                	j	162 <RecData_Deal+0x26>
 21a:	3328                	lbu	a0,3(a4)
 21c:	00d785b3          	add	a1,a5,a3
 220:	95b2                	add	a1,a1,a2
 222:	a188                	sb	a0,0(a1)
 224:	0685                	addi	a3,a3,1
 226:	bf79                	j	1c4 <RecData_Deal+0x88>
 228:	00f68633          	add	a2,a3,a5
 22c:	04064583          	lbu	a1,64(a2)
 230:	0785                	addi	a5,a5,1
 232:	0ff7f793          	andi	a5,a5,255
 236:	a20c                	sb	a1,0(a2)
 238:	b7f1                	j	204 <RecData_Deal+0xc8>
 23a:	8c818713          	addi	a4,gp,-1848 # 200000d0 <Verity_Star_flag>
 23e:	231c                	lbu	a5,0(a4)
 240:	ef85                	bnez	a5,278 <RecData_Deal+0x13c>
 242:	4685                	li	a3,1
 244:	a314                	sb	a3,0(a4)
 246:	20000737          	lui	a4,0x20000
 24a:	00875603          	lhu	a2,8(a4) # 20000008 <_edata>
 24e:	04000693          	li	a3,64
 252:	8e91                	sub	a3,a3,a2
 254:	84818513          	addi	a0,gp,-1976 # 20000050 <Fast_Program_Buf>
 258:	52fd                	li	t0,-1
 25a:	02d7cf63          	blt	a5,a3,298 <RecData_Deal+0x15c>
 25e:	200007b7          	lui	a5,0x20000
 262:	0007a503          	lw	a0,0(a5) # 20000000 <_data_vma>
 266:	84818593          	addi	a1,gp,-1976 # 20000050 <Fast_Program_Buf>
 26a:	35b9                	jal	b8 <CH32_IAP_Program>
 26c:	200007b7          	lui	a5,0x20000
 270:	00878313          	addi	t1,a5,8 # 20000008 <_edata>
 274:	00031023          	sh	zero,0(t1)
 278:	200006b7          	lui	a3,0x20000
 27c:	0046a783          	lw	a5,4(a3) # 20000004 <Verity_addr>
 280:	8726                	mv	a4,s1
 282:	4601                	li	a2,0
 284:	00468693          	addi	a3,a3,4
 288:	0ff67593          	andi	a1,a2,255
 28c:	0085ef63          	bltu	a1,s0,2aa <RecData_Deal+0x16e>
 290:	4501                	li	a0,0
 292:	97a2                	add	a5,a5,s0
 294:	c29c                	sw	a5,0(a3)
 296:	b5f1                	j	162 <RecData_Deal+0x26>
 298:	00f50733          	add	a4,a0,a5
 29c:	9732                	add	a4,a4,a2
 29e:	0785                	addi	a5,a5,1
 2a0:	00570023          	sb	t0,0(a4)
 2a4:	0ff7f793          	andi	a5,a5,255
 2a8:	bf4d                	j	25a <RecData_Deal+0x11e>
 2aa:	00c785b3          	add	a1,a5,a2
 2ae:	2348                	lbu	a0,4(a4)
 2b0:	218c                	lbu	a1,0(a1)
 2b2:	0605                	addi	a2,a2,1
 2b4:	0705                	addi	a4,a4,1
 2b6:	fcb509e3          	beq	a0,a1,288 <RecData_Deal+0x14c>
 2ba:	4505                	li	a0,1
 2bc:	bfd9                	j	292 <RecData_Deal+0x156>

000002be <UART1_SendData>:
 2be:	de3ff2ef          	jal	t0,a0 <__riscv_save_0>
 2c2:	40014437          	lui	s0,0x40014
 2c6:	84aa                	mv	s1,a0
 2c8:	80040793          	addi	a5,s0,-2048 # 40013800 <__global_pointer$+0x20012ff8>
 2cc:	853e                	mv	a0,a5
 2ce:	04000593          	li	a1,64
 2d2:	2efd                	jal	6d0 <USART_GetFlagStatus>
 2d4:	400147b7          	lui	a5,0x40014
 2d8:	80078793          	addi	a5,a5,-2048 # 40013800 <__global_pointer$+0x20012ff8>
 2dc:	d965                	beqz	a0,2cc <UART1_SendData+0xe>
 2de:	85a6                	mv	a1,s1
 2e0:	80040513          	addi	a0,s0,-2048
 2e4:	2ef1                	jal	6c0 <USART_SendData>
 2e6:	b3d1                	j	aa <__riscv_restore_0>

000002e8 <Uart1_Rx>:
 2e8:	db9ff2ef          	jal	t0,a0 <__riscv_save_0>
 2ec:	40014437          	lui	s0,0x40014
 2f0:	80040493          	addi	s1,s0,-2048 # 40013800 <__global_pointer$+0x20012ff8>
 2f4:	02000593          	li	a1,32
 2f8:	8526                	mv	a0,s1
 2fa:	2ed9                	jal	6d0 <USART_GetFlagStatus>
 2fc:	dd65                	beqz	a0,2f4 <Uart1_Rx+0xc>
 2fe:	80040513          	addi	a0,s0,-2048
 302:	26d9                	jal	6c8 <USART_ReceiveData>
 304:	0ff57513          	andi	a0,a0,255
 308:	b34d                	j	aa <__riscv_restore_0>

0000030a <UART_Rx_Deal>:
 30a:	d97ff2ef          	jal	t0,a0 <__riscv_save_0>
 30e:	3fe9                	jal	2e8 <Uart1_Rx>
 310:	05700793          	li	a5,87
 314:	08f51663          	bne	a0,a5,3a0 <UART_Rx_Deal+0x96>
 318:	3fc1                	jal	2e8 <Uart1_Rx>
 31a:	0ab00793          	li	a5,171
 31e:	08f51163          	bne	a0,a5,3a0 <UART_Rx_Deal+0x96>
 322:	37d9                	jal	2e8 <Uart1_Rx>
 324:	200007b7          	lui	a5,0x20000
 328:	00c78493          	addi	s1,a5,12 # 2000000c <EP2_Rx_Buffer>
 32c:	a088                	sb	a0,0(s1)
 32e:	842a                	mv	s0,a0
 330:	3f65                	jal	2e8 <Uart1_Rx>
 332:	942a                	add	s0,s0,a0
 334:	b088                	sb	a0,1(s1)
 336:	3f4d                	jal	2e8 <Uart1_Rx>
 338:	0ff47413          	andi	s0,s0,255
 33c:	a0a8                	sb	a0,2(s1)
 33e:	9522                	add	a0,a0,s0
 340:	0ff57413          	andi	s0,a0,255
 344:	3755                	jal	2e8 <Uart1_Rx>
 346:	2098                	lbu	a4,0(s1)
 348:	942a                	add	s0,s0,a0
 34a:	200007b7          	lui	a5,0x20000
 34e:	b0a8                	sb	a0,3(s1)
 350:	0fd77713          	andi	a4,a4,253
 354:	08000693          	li	a3,128
 358:	0ff47413          	andi	s0,s0,255
 35c:	00c78793          	addi	a5,a5,12 # 2000000c <EP2_Rx_Buffer>
 360:	02d71563          	bne	a4,a3,38a <UART_Rx_Deal+0x80>
 364:	4481                	li	s1,0
 366:	a839                	j	384 <UART_Rx_Deal+0x7a>
 368:	3741                	jal	2e8 <Uart1_Rx>
 36a:	200007b7          	lui	a5,0x20000
 36e:	00c78793          	addi	a5,a5,12 # 2000000c <EP2_Rx_Buffer>
 372:	00978733          	add	a4,a5,s1
 376:	942a                	add	s0,s0,a0
 378:	0485                	addi	s1,s1,1
 37a:	a348                	sb	a0,4(a4)
 37c:	0ff47413          	andi	s0,s0,255
 380:	0ff4f493          	andi	s1,s1,255
 384:	3398                	lbu	a4,1(a5)
 386:	fee4e1e3          	bltu	s1,a4,368 <UART_Rx_Deal+0x5e>
 38a:	3fb9                	jal	2e8 <Uart1_Rx>
 38c:	00851a63          	bne	a0,s0,3a0 <UART_Rx_Deal+0x96>
 390:	3375                	jal	13c <RecData_Deal>
 392:	4709                	li	a4,2
 394:	00e50963          	beq	a0,a4,3a6 <UART_Rx_Deal+0x9c>
 398:	4705                	li	a4,1
 39a:	00e51463          	bne	a0,a4,3a2 <UART_Rx_Deal+0x98>
 39e:	3705                	jal	2be <UART1_SendData>
 3a0:	b329                	j	aa <__riscv_restore_0>
 3a2:	4501                	li	a0,0
 3a4:	bfed                	j	39e <UART_Rx_Deal+0x94>
 3a6:	04500513          	li	a0,69
 3aa:	bfd5                	j	39e <UART_Rx_Deal+0x94>

000003ac <IAP_2_APP>:
 3ac:	cf5ff2ef          	jal	t0,a0 <__riscv_save_0>
 3b0:	2601                	jal	6b0 <RCC_ClearFlag>
 3b2:	4501                	li	a0,0
 3b4:	246d                	jal	65e <SystemReset_StartMode>
 3b6:	beef07b7          	lui	a5,0xbeef0
 3ba:	e000e737          	lui	a4,0xe000e
 3be:	08078793          	addi	a5,a5,128 # beef0080 <__global_pointer$+0x9eeef878>
 3c2:	c73c                	sw	a5,72(a4)
 3c4:	b1dd                	j	aa <__riscv_restore_0>

000003c6 <main>:
 3c6:	cdbff2ef          	jal	t0,a0 <__riscv_save_0>
 3ca:	400216b7          	lui	a3,0x40021
 3ce:	4e9c                	lw	a5,24(a3)
 3d0:	6711                	lui	a4,0x4
 3d2:	02070713          	addi	a4,a4,32 # 4020 <_data_lma+0x3944>
 3d6:	8fd9                	or	a5,a5,a4
 3d8:	6525                	lui	a0,0x9
 3da:	ce9c                	sw	a5,24(a3)
 3dc:	60050513          	addi	a0,a0,1536 # 9600 <_data_lma+0x8f24>
 3e0:	400144b7          	lui	s1,0x40014
 3e4:	3319                	jal	ea <USART1_CFG>
 3e6:	4401                	li	s0,0
 3e8:	80048493          	addi	s1,s1,-2048 # 40013800 <__global_pointer$+0x20012ff8>
 3ec:	02000593          	li	a1,32
 3f0:	8526                	mv	a0,s1
 3f2:	2cf9                	jal	6d0 <USART_GetFlagStatus>
 3f4:	4785                	li	a5,1
 3f6:	00f51563          	bne	a0,a5,400 <main+0x3a>
 3fa:	3f01                	jal	30a <UART_Rx_Deal>
 3fc:	4401                	li	s0,0
 3fe:	b7fd                	j	3ec <main+0x26>
 400:	002dc7b7          	lui	a5,0x2dc
 404:	0405                	addi	s0,s0,1
 406:	6bf78793          	addi	a5,a5,1727 # 2dc6bf <_data_lma+0x2dbfe3>
 40a:	fe87f1e3          	bgeu	a5,s0,3ec <main+0x26>
 40e:	3f79                	jal	3ac <IAP_2_APP>
 410:	a001                	j	410 <main+0x4a>

00000412 <SystemInit>:
 412:	c8fff2ef          	jal	t0,a0 <__riscv_save_0>
 416:	40021437          	lui	s0,0x40021
 41a:	401c                	lw	a5,0(s0)
 41c:	fcff0737          	lui	a4,0xfcff0
 420:	4541                	li	a0,16
 422:	0017e793          	ori	a5,a5,1
 426:	c01c                	sw	a5,0(s0)
 428:	405c                	lw	a5,4(s0)
 42a:	8ff9                	and	a5,a5,a4
 42c:	c05c                	sw	a5,4(s0)
 42e:	401c                	lw	a5,0(s0)
 430:	fef70737          	lui	a4,0xfef70
 434:	177d                	addi	a4,a4,-1
 436:	8ff9                	and	a5,a5,a4
 438:	c01c                	sw	a5,0(s0)
 43a:	401c                	lw	a5,0(s0)
 43c:	fffc0737          	lui	a4,0xfffc0
 440:	177d                	addi	a4,a4,-1
 442:	8ff9                	and	a5,a5,a4
 444:	c01c                	sw	a5,0(s0)
 446:	405c                	lw	a5,4(s0)
 448:	7741                	lui	a4,0xffff0
 44a:	177d                	addi	a4,a4,-1
 44c:	8ff9                	and	a5,a5,a4
 44e:	c05c                	sw	a5,4(s0)
 450:	009f07b7          	lui	a5,0x9f0
 454:	c41c                	sw	a5,8(s0)
 456:	24a1                	jal	69e <RCC_AdjustHSICalibrationValue>
 458:	4c1c                	lw	a5,24(s0)
 45a:	0207e793          	ori	a5,a5,32
 45e:	cc1c                	sw	a5,24(s0)
 460:	400117b7          	lui	a5,0x40011
 464:	4007a703          	lw	a4,1024(a5) # 40011400 <__global_pointer$+0x20010bf8>
 468:	40078693          	addi	a3,a5,1024
 46c:	f0f77713          	andi	a4,a4,-241
 470:	40e7a023          	sw	a4,1024(a5)
 474:	4007a703          	lw	a4,1024(a5)
 478:	08076713          	ori	a4,a4,128
 47c:	40e7a023          	sw	a4,1024(a5)
 480:	4789                	li	a5,2
 482:	ca9c                	sw	a5,16(a3)
 484:	400227b7          	lui	a5,0x40022
 488:	4398                	lw	a4,0(a5)
 48a:	9b71                	andi	a4,a4,-4
 48c:	c398                	sw	a4,0(a5)
 48e:	4398                	lw	a4,0(a5)
 490:	c398                	sw	a4,0(a5)
 492:	405c                	lw	a5,4(s0)
 494:	c05c                	sw	a5,4(s0)
 496:	b911                	j	aa <__riscv_restore_0>

00000498 <ADC1_IRQHandler>:
 498:	a001                	j	498 <ADC1_IRQHandler>

0000049a <handle_reset>:
 49a:	20000197          	auipc	gp,0x20000
 49e:	36e18193          	addi	gp,gp,878 # 20000808 <__global_pointer$>
 4a2:	ff818113          	addi	sp,gp,-8 # 20000800 <_eusrstack>
 4a6:	6dc00513          	li	a0,1756
 4aa:	20000597          	auipc	a1,0x20000
 4ae:	b5658593          	addi	a1,a1,-1194 # 20000000 <_data_vma>
 4b2:	20000617          	auipc	a2,0x20000
 4b6:	b5660613          	addi	a2,a2,-1194 # 20000008 <_edata>
 4ba:	00c5fa63          	bgeu	a1,a2,4ce <handle_reset+0x34>
 4be:	00052283          	lw	t0,0(a0)
 4c2:	0055a023          	sw	t0,0(a1)
 4c6:	0511                	addi	a0,a0,4
 4c8:	0591                	addi	a1,a1,4
 4ca:	fec5eae3          	bltu	a1,a2,4be <handle_reset+0x24>
 4ce:	20000517          	auipc	a0,0x20000
 4d2:	b3a50513          	addi	a0,a0,-1222 # 20000008 <_edata>
 4d6:	8cc18593          	addi	a1,gp,-1844 # 200000d4 <_ebss>
 4da:	00b57763          	bgeu	a0,a1,4e8 <handle_reset+0x4e>
 4de:	00052023          	sw	zero,0(a0)
 4e2:	0511                	addi	a0,a0,4
 4e4:	feb56de3          	bltu	a0,a1,4de <handle_reset+0x44>
 4e8:	000022b7          	lui	t0,0x2
 4ec:	88028293          	addi	t0,t0,-1920 # 1880 <_data_lma+0x11a4>
 4f0:	30029073          	csrw	mstatus,t0
 4f4:	428d                	li	t0,3
 4f6:	80429073          	csrw	0x804,t0
 4fa:	00000297          	auipc	t0,0x0
 4fe:	b0628293          	addi	t0,t0,-1274 # 0 <_sinit>
 502:	0032e293          	ori	t0,t0,3
 506:	30529073          	csrw	mtvec,t0
 50a:	f09ff0ef          	jal	ra,412 <SystemInit>
 50e:	00000297          	auipc	t0,0x0
 512:	eb828293          	addi	t0,t0,-328 # 3c6 <main>
 516:	34129073          	csrw	mepc,t0
 51a:	30200073          	mret

0000051e <FLASH_Unlock>:
 51e:	456707b7          	lui	a5,0x45670
 522:	40022737          	lui	a4,0x40022
 526:	12378793          	addi	a5,a5,291 # 45670123 <__global_pointer$+0x2566f91b>
 52a:	c35c                	sw	a5,4(a4)
 52c:	cdef97b7          	lui	a5,0xcdef9
 530:	9ab78793          	addi	a5,a5,-1621 # cdef89ab <__global_pointer$+0xadef81a3>
 534:	c35c                	sw	a5,4(a4)
 536:	8082                	ret

00000538 <FLASH_Lock>:
 538:	40022737          	lui	a4,0x40022
 53c:	4b1c                	lw	a5,16(a4)
 53e:	0807e793          	ori	a5,a5,128
 542:	cb1c                	sw	a5,16(a4)
 544:	8082                	ret

00000546 <FLASH_GetBank1Status>:
 546:	40022737          	lui	a4,0x40022
 54a:	475c                	lw	a5,12(a4)
 54c:	4505                	li	a0,1
 54e:	8b85                	andi	a5,a5,1
 550:	e791                	bnez	a5,55c <FLASH_GetBank1Status+0x16>
 552:	4748                	lw	a0,12(a4)
 554:	8941                	andi	a0,a0,16
 556:	00153513          	seqz	a0,a0
 55a:	050d                	addi	a0,a0,3
 55c:	8082                	ret

0000055e <FLASH_WaitForLastOperation>:
 55e:	b43ff2ef          	jal	t0,a0 <__riscv_save_0>
 562:	842a                	mv	s0,a0
 564:	37cd                	jal	546 <FLASH_GetBank1Status>
 566:	4785                	li	a5,1
 568:	00f51863          	bne	a0,a5,578 <FLASH_WaitForLastOperation+0x1a>
 56c:	e019                	bnez	s0,572 <FLASH_WaitForLastOperation+0x14>
 56e:	4515                	li	a0,5
 570:	a029                	j	57a <FLASH_WaitForLastOperation+0x1c>
 572:	3fd1                	jal	546 <FLASH_GetBank1Status>
 574:	147d                	addi	s0,s0,-1
 576:	bfc5                	j	566 <FLASH_WaitForLastOperation+0x8>
 578:	d87d                	beqz	s0,56e <FLASH_WaitForLastOperation+0x10>
 57a:	be05                	j	aa <__riscv_restore_0>

0000057c <FLASH_EraseAllPages>:
 57c:	b25ff2ef          	jal	t0,a0 <__riscv_save_0>
 580:	000b0537          	lui	a0,0xb0
 584:	3fe9                	jal	55e <FLASH_WaitForLastOperation>
 586:	4791                	li	a5,4
 588:	02f51263          	bne	a0,a5,5ac <FLASH_EraseAllPages+0x30>
 58c:	40022437          	lui	s0,0x40022
 590:	481c                	lw	a5,16(s0)
 592:	000b0537          	lui	a0,0xb0
 596:	0047e793          	ori	a5,a5,4
 59a:	c81c                	sw	a5,16(s0)
 59c:	481c                	lw	a5,16(s0)
 59e:	0407e793          	ori	a5,a5,64
 5a2:	c81c                	sw	a5,16(s0)
 5a4:	3f6d                	jal	55e <FLASH_WaitForLastOperation>
 5a6:	481c                	lw	a5,16(s0)
 5a8:	9bed                	andi	a5,a5,-5
 5aa:	c81c                	sw	a5,16(s0)
 5ac:	bcfd                	j	aa <__riscv_restore_0>

000005ae <FLASH_Unlock_Fast>:
 5ae:	456706b7          	lui	a3,0x45670
 5b2:	400227b7          	lui	a5,0x40022
 5b6:	12368693          	addi	a3,a3,291 # 45670123 <__global_pointer$+0x2566f91b>
 5ba:	cdef9737          	lui	a4,0xcdef9
 5be:	c3d4                	sw	a3,4(a5)
 5c0:	9ab70713          	addi	a4,a4,-1621 # cdef89ab <__global_pointer$+0xadef81a3>
 5c4:	c3d8                	sw	a4,4(a5)
 5c6:	d3d4                	sw	a3,36(a5)
 5c8:	d3d8                	sw	a4,36(a5)
 5ca:	8082                	ret

000005cc <FLASH_BufReset>:
 5cc:	400227b7          	lui	a5,0x40022
 5d0:	4b98                	lw	a4,16(a5)
 5d2:	66c1                	lui	a3,0x10
 5d4:	8f55                	or	a4,a4,a3
 5d6:	cb98                	sw	a4,16(a5)
 5d8:	4b98                	lw	a4,16(a5)
 5da:	000806b7          	lui	a3,0x80
 5de:	8f55                	or	a4,a4,a3
 5e0:	cb98                	sw	a4,16(a5)
 5e2:	47d8                	lw	a4,12(a5)
 5e4:	8b05                	andi	a4,a4,1
 5e6:	ff75                	bnez	a4,5e2 <FLASH_BufReset+0x16>
 5e8:	4b98                	lw	a4,16(a5)
 5ea:	76c1                	lui	a3,0xffff0
 5ec:	16fd                	addi	a3,a3,-1
 5ee:	8f75                	and	a4,a4,a3
 5f0:	cb98                	sw	a4,16(a5)
 5f2:	8082                	ret

000005f4 <FLASH_BufLoad>:
 5f4:	f80007b7          	lui	a5,0xf8000
 5f8:	97aa                	add	a5,a5,a0
 5fa:	6711                	lui	a4,0x4
 5fc:	02e7f663          	bgeu	a5,a4,628 <FLASH_BufLoad+0x34>
 600:	400227b7          	lui	a5,0x40022
 604:	4b98                	lw	a4,16(a5)
 606:	66c1                	lui	a3,0x10
 608:	8f55                	or	a4,a4,a3
 60a:	cb98                	sw	a4,16(a5)
 60c:	c10c                	sw	a1,0(a0)
 60e:	4b98                	lw	a4,16(a5)
 610:	000406b7          	lui	a3,0x40
 614:	8f55                	or	a4,a4,a3
 616:	cb98                	sw	a4,16(a5)
 618:	47d8                	lw	a4,12(a5)
 61a:	8b05                	andi	a4,a4,1
 61c:	ff75                	bnez	a4,618 <FLASH_BufLoad+0x24>
 61e:	4b98                	lw	a4,16(a5)
 620:	76c1                	lui	a3,0xffff0
 622:	16fd                	addi	a3,a3,-1
 624:	8f75                	and	a4,a4,a3
 626:	cb98                	sw	a4,16(a5)
 628:	8082                	ret

0000062a <FLASH_ProgramPage_Fast>:
 62a:	f80007b7          	lui	a5,0xf8000
 62e:	97aa                	add	a5,a5,a0
 630:	6711                	lui	a4,0x4
 632:	02e7f563          	bgeu	a5,a4,65c <FLASH_ProgramPage_Fast+0x32>
 636:	400227b7          	lui	a5,0x40022
 63a:	4b98                	lw	a4,16(a5)
 63c:	66c1                	lui	a3,0x10
 63e:	8f55                	or	a4,a4,a3
 640:	cb98                	sw	a4,16(a5)
 642:	cbc8                	sw	a0,20(a5)
 644:	4b98                	lw	a4,16(a5)
 646:	04076713          	ori	a4,a4,64
 64a:	cb98                	sw	a4,16(a5)
 64c:	47d8                	lw	a4,12(a5)
 64e:	8b05                	andi	a4,a4,1
 650:	ff75                	bnez	a4,64c <FLASH_ProgramPage_Fast+0x22>
 652:	4b98                	lw	a4,16(a5)
 654:	76c1                	lui	a3,0xffff0
 656:	16fd                	addi	a3,a3,-1
 658:	8f75                	and	a4,a4,a3
 65a:	cb98                	sw	a4,16(a5)
 65c:	8082                	ret

0000065e <SystemReset_StartMode>:
 65e:	a43ff2ef          	jal	t0,a0 <__riscv_save_0>
 662:	1171                	addi	sp,sp,-4
 664:	c02a                	sw	a0,0(sp)
 666:	3d65                	jal	51e <FLASH_Unlock>
 668:	456706b7          	lui	a3,0x45670
 66c:	400227b7          	lui	a5,0x40022
 670:	12368693          	addi	a3,a3,291 # 45670123 <__global_pointer$+0x2566f91b>
 674:	d794                	sw	a3,40(a5)
 676:	cdef96b7          	lui	a3,0xcdef9
 67a:	9ab68693          	addi	a3,a3,-1621 # cdef89ab <__global_pointer$+0xadef81a3>
 67e:	d794                	sw	a3,40(a5)
 680:	47d4                	lw	a3,12(a5)
 682:	7671                	lui	a2,0xffffc
 684:	167d                	addi	a2,a2,-1
 686:	4502                	lw	a0,0(sp)
 688:	8ef1                	and	a3,a3,a2
 68a:	c7d4                	sw	a3,12(a5)
 68c:	6711                	lui	a4,0x4
 68e:	00e51563          	bne	a0,a4,698 <SystemReset_StartMode+0x3a>
 692:	47d8                	lw	a4,12(a5)
 694:	8f49                	or	a4,a4,a0
 696:	c7d8                	sw	a4,12(a5)
 698:	3545                	jal	538 <FLASH_Lock>
 69a:	0111                	addi	sp,sp,4
 69c:	b439                	j	aa <__riscv_restore_0>

0000069e <RCC_AdjustHSICalibrationValue>:
 69e:	40021737          	lui	a4,0x40021
 6a2:	431c                	lw	a5,0(a4)
 6a4:	050e                	slli	a0,a0,0x3
 6a6:	f077f793          	andi	a5,a5,-249
 6aa:	8d5d                	or	a0,a0,a5
 6ac:	c308                	sw	a0,0(a4)
 6ae:	8082                	ret

000006b0 <RCC_ClearFlag>:
 6b0:	40021737          	lui	a4,0x40021
 6b4:	535c                	lw	a5,36(a4)
 6b6:	010006b7          	lui	a3,0x1000
 6ba:	8fd5                	or	a5,a5,a3
 6bc:	d35c                	sw	a5,36(a4)
 6be:	8082                	ret

000006c0 <USART_SendData>:
 6c0:	1ff5f593          	andi	a1,a1,511
 6c4:	a14e                	sh	a1,4(a0)
 6c6:	8082                	ret

000006c8 <USART_ReceiveData>:
 6c8:	214a                	lhu	a0,4(a0)
 6ca:	1ff57513          	andi	a0,a0,511
 6ce:	8082                	ret

000006d0 <USART_GetFlagStatus>:
 6d0:	210a                	lhu	a0,0(a0)
 6d2:	8d6d                	and	a0,a0,a1
 6d4:	00a03533          	snez	a0,a0
 6d8:	8082                	ret
	...
